==================================================================
= Multi Theft Auto: San Andreas v1.5.7
==================================================================
= Server name      : Map Editor Server
= Server IP address: auto
= Server port      : 22010
= 
= Log file         : ..rver/mods/deathmatch/logs/editor_server.log
= Maximum players  : 1
= HTTP port        : 22011
= Voice Chat       : Disabled
= Bandwidth saving : None
==================================================================
[2020-01-16 13:16:24] File 'settings.xml' not present, creating new node.
[2020-01-16 13:16:24] Resource 'acpanel' requests some acl rights. Use the command 'aclrequest list acpanel'
[2020-01-16 13:16:34] Resources: 192 loaded, 0 failed
[2020-01-16 13:16:34] Starting resources...
[2020-01-16 13:16:34] Server minclientversion is now 1.3.5
[2020-01-16 13:16:35] Server started and is ready to accept connections!
[2020-01-16 13:16:35] To stop the server, type 'shutdown' or press Ctrl-C
[2020-01-16 13:16:35] Type 'help' for a list of commands.
[2020-01-16 13:16:36] CONNECT: SubsequentCornet41 connected (IP: 127.0.0.1  Serial: 31E7305C363CC0191502518CE4591803  Version: 1.5.7-9.20358.0)
[2020-01-16 13:16:37] JOIN: SubsequentCornet41 joined the game (IP: 127.0.0.1)
[2020-01-16 13:20:51] QUIT: SubsequentCornet41 left the game [Quit]
[2020-01-16 13:20:51] Server stopped!
[2020-01-16 13:20:52] Stopping resources.........
[2020-01-16 13:20:52] Closing SQLite3 database
